<?xml version="1.0" encoding="UTF-8"?>
<!-- Generated by org.testng.reporters.JUnitReportReporter -->
<testsuite hostname="DESKTOP-BJS4FPD" failures="0" tests="1" name="runner.TestRunner" time="87.265" errors="0" timestamp="2025-05-15T20:29:28 IST" skipped="0">
  <testcase classname="runner.TestRunner" name="runScenario" time="87.265"/>
  <system-out/>
</testsuite> <!-- runner.TestRunner -->
